<?xml version="1.0" encoding="UTF-8"?>
<testng-results ignored="0" total="1" passed="1" failed="0" skipped="0">
  <reporter-output>
  </reporter-output>
  <suite started-at="2024-01-14T08:54:35 CST" name="Suite" finished-at="2024-01-14T08:54:41 CST" duration-ms="6145">
    <groups>
      <group name="cucumber">
        <method signature="AbstractTestNGCucumberTests.runScenario(io.cucumber.testng.PickleWrapper,io.cucumber.testng.FeatureWrapper)[pri:0, instance:Runner.LoginFeatureRunner@48e4374]" name="runScenario" class="io.cucumber.testng.AbstractTestNGCucumberTests"/>
      </group> <!-- cucumber -->
    </groups>
    <test started-at="2024-01-14T08:54:35 CST" name="Test" finished-at="2024-01-14T08:54:41 CST" duration-ms="6145">
      <class name="Runner.LoginFeatureRunner">
        <test-method is-config="true" signature="setUpClass(org.testng.ITestContext)[pri:0, instance:Runner.LoginFeatureRunner@48e4374]" started-at="2024-01-14T08:54:35 CST" name="setUpClass" finished-at="2024-01-14T08:54:36 CST" duration-ms="498" status="PASS">
          <params>
            <param index="0">
              <value>
                <![CDATA[org.testng.TestRunner@5d9bb69b]]>
              </value>
            </param>
          </params>
          <reporter-output>
          </reporter-output>
        </test-method> <!-- setUpClass -->
        <test-method signature="runScenario(io.cucumber.testng.PickleWrapper,io.cucumber.testng.FeatureWrapper)[pri:0, instance:Runner.LoginFeatureRunner@48e4374]" started-at="2024-01-14T08:54:36 CST" name="runScenario" description="Runs Cucumber Scenarios" data-provider="scenarios" finished-at="2024-01-14T08:54:40 CST" duration-ms="3908" status="PASS">
          <params>
            <param index="0">
              <value>
                <![CDATA["Login to test app as a valid user in staging Env"]]>
              </value>
            </param>
            <param index="1">
              <value>
                <![CDATA["Login Feature"]]>
              </value>
            </param>
          </params>
          <reporter-output>
          </reporter-output>
        </test-method> <!-- runScenario -->
        <test-method is-config="true" signature="tearDownClass()[pri:0, instance:Runner.LoginFeatureRunner@48e4374]" started-at="2024-01-14T08:54:40 CST" name="tearDownClass" finished-at="2024-01-14T08:54:41 CST" duration-ms="1710" status="PASS">
          <reporter-output>
          </reporter-output>
        </test-method> <!-- tearDownClass -->
      </class> <!-- Runner.LoginFeatureRunner -->
    </test> <!-- Test -->
  </suite> <!-- Suite -->
</testng-results>
