<?xml version="1.0" encoding="UTF-8"?>
<testng-results ignored="0" total="1" passed="1" failed="0" skipped="0">
  <reporter-output>
  </reporter-output>
  <suite started-at="2024-01-14T08:31:12 CST" name="Default suite" finished-at="2024-01-14T08:31:18 CST" duration-ms="5461">
    <groups>
      <group name="cucumber">
        <method signature="AbstractTestNGCucumberTests.runScenario(io.cucumber.testng.PickleWrapper,io.cucumber.testng.FeatureWrapper)[pri:0, instance:Runner.LoginFeatureRunner@58a9760d]" name="runScenario" class="io.cucumber.testng.AbstractTestNGCucumberTests"/>
      </group> <!-- cucumber -->
    </groups>
    <test started-at="2024-01-14T08:31:12 CST" name="Default test" finished-at="2024-01-14T08:31:18 CST" duration-ms="5461">
      <class name="Runner.LoginFeatureRunner">
        <test-method is-config="true" signature="setUpClass(org.testng.ITestContext)[pri:0, instance:Runner.LoginFeatureRunner@58a9760d]" started-at="2024-01-14T08:31:12 CST" name="setUpClass" finished-at="2024-01-14T08:31:13 CST" duration-ms="455" status="PASS">
          <params>
            <param index="0">
              <value>
                <![CDATA[org.testng.TestRunner@1d622556]]>
              </value>
            </param>
          </params>
          <reporter-output>
          </reporter-output>
        </test-method> <!-- setUpClass -->
        <test-method signature="runScenario(io.cucumber.testng.PickleWrapper,io.cucumber.testng.FeatureWrapper)[pri:0, instance:Runner.LoginFeatureRunner@58a9760d]" started-at="2024-01-14T08:31:13 CST" name="runScenario" description="Runs Cucumber Scenarios" data-provider="scenarios" finished-at="2024-01-14T08:31:17 CST" duration-ms="4024" status="PASS">
          <params>
            <param index="0">
              <value>
                <![CDATA["Login to test app as a valid user in staging Env"]]>
              </value>
            </param>
            <param index="1">
              <value>
                <![CDATA["Login Feature"]]>
              </value>
            </param>
          </params>
          <reporter-output>
          </reporter-output>
        </test-method> <!-- runScenario -->
        <test-method is-config="true" signature="tearDownClass()[pri:0, instance:Runner.LoginFeatureRunner@58a9760d]" started-at="2024-01-14T08:31:17 CST" name="tearDownClass" finished-at="2024-01-14T08:31:18 CST" duration-ms="955" status="PASS">
          <reporter-output>
          </reporter-output>
        </test-method> <!-- tearDownClass -->
      </class> <!-- Runner.LoginFeatureRunner -->
    </test> <!-- Default test -->
  </suite> <!-- Default suite -->
</testng-results>
