<?xml version="1.0" encoding="UTF-8"?>
<!-- Generated by org.testng.reporters.JUnitReportReporter -->
<testsuite hostname="CodeCandy" failures="0" tests="1" name="Runner.MobileFeatureRunner" time="4.398" errors="1" timestamp="2023-11-28T10:58:02 CST" skipped="0">
  <testcase classname="Runner.MobileFeatureRunner" name="runScenario" time="4.398">
    <error message="Cannot invoke &quot;org.openqa.selenium.WebDriver.get(String)&quot; because &quot;this.driver&quot; is null" type="java.lang.NullPointerException">
      <![CDATA[java.lang.NullPointerException: Cannot invoke "org.openqa.selenium.WebDriver.get(String)" because "this.driver" is null
at steps.MobileSteps.user_navigates_to_mobile_test_app(MobileSteps.java:51)
at ✽.user navigates to mobile test app(file:///C:/Users/haz78/eclipse-workspace/cucumberFramwork/src/test/resources/Features/Mobile.feature:6)
]]>
    </error>
  </testcase> <!-- runScenario -->
</testsuite> <!-- Runner.MobileFeatureRunner -->
